[2022-11-17 14:25:50.901] [INFO ] [restartedMain] com.shop.ShopApplication Starting ShopApplication using Java 11.0.16 on DESKTOP-O08JD9T with PID 17824 (C:\Users\user1\Downloads\shop_1117\shop\target\classes started by user1 in C:\Users\user1\Downloads\shop_1117)
[2022-11-17 14:25:50.901] [INFO ] [restartedMain] com.shop.ShopApplication No active profile set, falling back to 1 default profile: "default"
[2022-11-17 14:25:51.174] [INFO ] [restartedMain] org.springframework.data.repository.config.RepositoryConfigurationDelegate Bootstrapping Spring Data JPA repositories in DEFAULT mode.
[2022-11-17 14:25:51.188] [INFO ] [restartedMain] org.springframework.data.repository.config.RepositoryConfigurationDelegate Finished Spring Data repository scanning in 13 ms. Found 1 JPA repository interfaces.
[2022-11-17 14:25:51.310] [INFO ] [restartedMain] org.springframework.boot.web.embedded.tomcat.TomcatWebServer Tomcat initialized with port(s): 8211 (http)
[2022-11-17 14:25:51.311] [INFO ] [restartedMain] org.apache.catalina.core.StandardService Starting service [Tomcat]
[2022-11-17 14:25:51.311] [INFO ] [restartedMain] org.apache.catalina.core.StandardEngine Starting Servlet engine: [Apache Tomcat/9.0.68]
[2022-11-17 14:25:51.328] [INFO ] [restartedMain] org.apache.catalina.core.ContainerBase.[Tomcat].[localhost].[/] Initializing Spring embedded WebApplicationContext
[2022-11-17 14:25:51.329] [INFO ] [restartedMain] org.springframework.boot.web.servlet.context.ServletWebServerApplicationContext Root WebApplicationContext: initialization completed in 426 ms
[2022-11-17 14:25:51.337] [INFO ] [restartedMain] com.zaxxer.hikari.HikariDataSource HikariPool-4 - Starting...
[2022-11-17 14:25:51.353] [INFO ] [restartedMain] com.zaxxer.hikari.HikariDataSource HikariPool-4 - Start completed.
[2022-11-17 14:25:51.354] [INFO ] [restartedMain] org.springframework.boot.autoconfigure.h2.H2ConsoleAutoConfiguration H2 console available at '/h2-console'. Database available at 'jdbc:mysql://localhost:3306/kh_shop_db?userUnicode=true&characterEncoding=UTF-8&serverTimezone=Asia/Seoul'
[2022-11-17 14:25:51.384] [INFO ] [restartedMain] org.hibernate.jpa.internal.util.LogHelper HHH000204: Processing PersistenceUnitInfo [name: default]
[2022-11-17 14:25:51.397] [INFO ] [restartedMain] org.hibernate.dialect.Dialect HHH000400: Using dialect: org.hibernate.dialect.MySQL8Dialect
[2022-11-17 14:25:51.517] [INFO ] [restartedMain] org.hibernate.engine.transaction.jta.platform.internal.JtaPlatformInitiator HHH000490: Using JtaPlatform implementation: [org.hibernate.engine.transaction.jta.platform.internal.NoJtaPlatform]
[2022-11-17 14:25:51.518] [INFO ] [restartedMain] org.springframework.orm.jpa.LocalContainerEntityManagerFactoryBean Initialized JPA EntityManagerFactory for persistence unit 'default'
[2022-11-17 14:25:51.544] [WARN ] [restartedMain] org.springframework.boot.autoconfigure.orm.jpa.JpaBaseConfiguration$JpaWebConfiguration spring.jpa.open-in-view is enabled by default. Therefore, database queries may be performed during view rendering. Explicitly configure spring.jpa.open-in-view to disable this warning
[2022-11-17 14:25:51.702] [WARN ] [restartedMain] org.springframework.boot.autoconfigure.thymeleaf.ThymeleafAutoConfiguration$DefaultTemplateResolverConfiguration Cannot find template location: classpath:/templates/ (please add some templates, check your Thymeleaf configuration, or set spring.thymeleaf.check-template-location=false)
[2022-11-17 14:25:51.787] [WARN ] [restartedMain] org.springframework.boot.devtools.autoconfigure.OptionalLiveReloadServer Unable to start LiveReload server
[2022-11-17 14:25:51.802] [INFO ] [restartedMain] org.springframework.boot.web.embedded.tomcat.TomcatWebServer Tomcat started on port(s): 8211 (http) with context path ''
[2022-11-17 14:25:51.809] [INFO ] [restartedMain] com.shop.ShopApplication Started ShopApplication in 0.966 seconds (JVM running for 6021.594)
[2022-11-17 14:25:51.812] [INFO ] [restartedMain] org.springframework.boot.devtools.autoconfigure.ConditionEvaluationDeltaLoggingListener Condition evaluation unchanged
[2022-11-17 14:48:17.573] [INFO ] [File Watcher] org.springframework.boot.devtools.autoconfigure.LocalDevToolsAutoConfiguration$RestartingClassPathChangeChangedEventListener Restarting due to 1 class path change (0 additions, 1 deletion, 0 modifications)
[2022-11-17 14:48:17.598] [INFO ] [Thread-13] org.apache.catalina.core.StandardService Stopping service [Tomcat]
[2022-11-17 14:48:17.603] [INFO ] [Thread-13] org.springframework.orm.jpa.LocalContainerEntityManagerFactoryBean Closing JPA EntityManagerFactory for persistence unit 'default'
[2022-11-17 14:48:17.604] [INFO ] [Thread-13] com.zaxxer.hikari.HikariDataSource HikariPool-4 - Shutdown initiated...
[2022-11-17 14:48:17.610] [INFO ] [Thread-13] com.zaxxer.hikari.HikariDataSource HikariPool-4 - Shutdown completed.
